<?xml version="1.0" encoding="UTF-8"?>
<!-- Generated by org.testng.reporters.JUnitReportReporter -->
<testsuite hostname="DESKTOP-3FKESNU" failures="0" tests="1" name="stepDefinition.TestRunner" time="34.569" errors="0" timestamp="2021-11-05T09:47:55 IST" skipped="0">
  <testcase classname="stepDefinition.TestRunner" name="runScenario" time="34.569"/>
  <system-out/>
</testsuite> <!-- stepDefinition.TestRunner -->
