<?xml version="1.0" encoding="UTF-8"?>
<!-- Generated by org.testng.reporters.JUnitReportReporter -->
<testsuite hostname="DESKTOP-TGPHOC5" failures="0" tests="1" name="operations.Post_Rqst" time="1.588" errors="0" timestamp="2021-11-18T17:11:28 IST" skipped="0">
  <testcase classname="operations.Post_Rqst" name="test2" time="1.588"/>
  <system-out/>
</testsuite> <!-- operations.Post_Rqst -->
