<?xml version="1.0" encoding="UTF-8"?>
<!-- Generated by org.testng.reporters.JUnitReportReporter -->
<testsuite hostname="DESKTOP-TGPHOC5" failures="0" tests="2" name="selenium.NewTest" time="4.769" errors="0" timestamp="2021-11-30T13:21:00 IST" skipped="0">
  <testcase classname="selenium.NewTest" name="login" time="4.740"/>
  <system-out/>
  <testcase classname="selenium.NewTest" name="urltescase" time="0.029"/>
  <system-out/>
</testsuite> <!-- selenium.NewTest -->
