<?xml version="1.0" encoding="UTF-8"?>
<!-- Generated by org.testng.reporters.JUnitReportReporter -->
<testsuite hostname="DESKTOP-TGPHOC5" failures="0" tests="1" name="sampletest.NewTest" time="34.624" errors="0" timestamp="2021-12-09T11:31:52 IST" skipped="0">
  <testcase classname="sampletest.NewTest" name="testone" time="34.624"/>
  <system-out/>
</testsuite> <!-- sampletest.NewTest -->
